{"/home/olgarozmetova/hexlet-jest/src/fill.js": {"path":"/home/olgarozmetova/hexlet-jest/src/fill.js","statementMap":{"0":{"start":{"line":3,"column":14},"end":{"line":3,"column":26}},"1":{"start":{"line":5,"column":13},"end":{"line":5,"column":21}},"2":{"start":{"line":7,"column":0},"end":{"line":7,"column":23}},"3":{"start":{"line":8,"column":0},"end":{"line":8,"column":19}},"4":{"start":{"line":10,"column":0},"end":{"line":10,"column":17}},"5":{"start":{"line":11,"column":0},"end":{"line":11,"column":19}},"6":{"start":{"line":13,"column":0},"end":{"line":13,"column":20}},"7":{"start":{"line":14,"column":0},"end":{"line":14,"column":19}},"8":{"start":{"line":16,"column":0},"end":{"line":16,"column":24}},"9":{"start":{"line":17,"column":0},"end":{"line":17,"column":19}}},"fnMap":{"0":{"name":"(anonymous_0)","decl":{"start":{"line":5,"column":13},"end":{"line":5,"column":14}},"loc":{"start":{"line":5,"column":19},"end":{"line":5,"column":21}},"line":5}},"branchMap":{},"s":{"0":1,"1":1,"2":1,"3":1,"4":1,"5":1,"6":1,"7":1,"8":1,"9":1},"f":{"0":4},"b":{},"_coverageSchema":"1a1c01bbd47fc00a2c39e90264f33305004495a9","hash":"5a08223f50f865f278fe53a77c4afe58c196e0c9"}
,"/home/olgarozmetova/hexlet-jest/src/index.js": {"path":"/home/olgarozmetova/hexlet-jest/src/index.js","statementMap":{"0":{"start":{"line":1,"column":22},"end":{"line":1,"column":54}}},"fnMap":{"0":{"name":"(anonymous_0)","decl":{"start":{"line":1,"column":15},"end":{"line":1,"column":16}},"loc":{"start":{"line":1,"column":22},"end":{"line":1,"column":54}},"line":1}},"branchMap":{},"s":{"0":2},"f":{"0":2},"b":{},"_coverageSchema":"1a1c01bbd47fc00a2c39e90264f33305004495a9","hash":"5dd5a7ce59b0683ce6ea76ecf640fcec711aebce"}
,"/home/olgarozmetova/hexlet-jest/src/stack.js": {"path":"/home/olgarozmetova/hexlet-jest/src/stack.js","statementMap":{"0":{"start":{"line":1,"column":18},"end":{"line":18,"column":1}},"1":{"start":{"line":2,"column":16},"end":{"line":2,"column":18}},"2":{"start":{"line":4,"column":2},"end":{"line":17,"column":4}},"3":{"start":{"line":6,"column":6},"end":{"line":6,"column":32}},"4":{"start":{"line":9,"column":6},"end":{"line":9,"column":23}},"5":{"start":{"line":12,"column":6},"end":{"line":14,"column":7}},"6":{"start":{"line":13,"column":8},"end":{"line":13,"column":42}},"7":{"start":{"line":15,"column":6},"end":{"line":15,"column":25}},"8":{"start":{"line":20,"column":14},"end":{"line":20,"column":25}},"9":{"start":{"line":22,"column":0},"end":{"line":22,"column":16}},"10":{"start":{"line":23,"column":0},"end":{"line":23,"column":14}},"11":{"start":{"line":24,"column":0},"end":{"line":24,"column":14}},"12":{"start":{"line":25,"column":0},"end":{"line":25,"column":14}},"13":{"start":{"line":26,"column":0},"end":{"line":26,"column":16}},"14":{"start":{"line":27,"column":0},"end":{"line":27,"column":12}},"15":{"start":{"line":28,"column":0},"end":{"line":28,"column":12}},"16":{"start":{"line":29,"column":0},"end":{"line":29,"column":12}},"17":{"start":{"line":30,"column":0},"end":{"line":30,"column":16}}},"fnMap":{"0":{"name":"(anonymous_0)","decl":{"start":{"line":1,"column":18},"end":{"line":1,"column":19}},"loc":{"start":{"line":1,"column":24},"end":{"line":18,"column":1}},"line":1},"1":{"name":"(anonymous_1)","decl":{"start":{"line":5,"column":4},"end":{"line":5,"column":5}},"loc":{"start":{"line":5,"column":14},"end":{"line":7,"column":5}},"line":5},"2":{"name":"(anonymous_2)","decl":{"start":{"line":8,"column":4},"end":{"line":8,"column":5}},"loc":{"start":{"line":8,"column":15},"end":{"line":10,"column":5}},"line":8},"3":{"name":"(anonymous_3)","decl":{"start":{"line":11,"column":4},"end":{"line":11,"column":5}},"loc":{"start":{"line":11,"column":10},"end":{"line":16,"column":5}},"line":11}},"branchMap":{"0":{"loc":{"start":{"line":12,"column":6},"end":{"line":14,"column":7}},"type":"if","locations":[{"start":{"line":12,"column":6},"end":{"line":14,"column":7}},{"start":{},"end":{}}],"line":12}},"s":{"0":1,"1":4,"2":4,"3":13,"4":6,"5":7,"6":1,"7":6,"8":1,"9":1,"10":1,"11":1,"12":1,"13":1,"14":1,"15":1,"16":1,"17":1},"f":{"0":4,"1":13,"2":6,"3":7},"b":{"0":[1,6]},"_coverageSchema":"1a1c01bbd47fc00a2c39e90264f33305004495a9","hash":"a8a8d751437ca08603bb69d6c0586d1738ff8942"}
}
